<?xml version="1.0" encoding="UTF-8"?>
<!-- Generated by org.testng.reporters.JUnitReportReporter -->
<testsuite hostname="AMIT_PC" failures="0" tests="7" name="tests.user.PutTests" time="36.469" errors="0" timestamp="2025-04-11T22:55:50 IST" skipped="0">
  <testcase classname="tests.user.PutTests" name="PutUserTestMethod1" time="8.043"/>
  <testcase classname="tests.user.PutTests" name="PutUserTestMethod2" time="6.429"/>
  <testcase classname="tests.user.PutTests" name="PutUserTestMethod3" time="8.319"/>
  <testcase classname="tests.user.PutTests" name="PutUserTestMethod4" time="2.496"/>
  <testcase classname="tests.user.PutTests" name="PutUserTestMethod5" time="3.230"/>
  <testcase classname="tests.user.PutTests" name="PutUserTestMethod6" time="5.241"/>
  <testcase classname="tests.user.PutTests" name="PutUserTestMethod7" time="2.711"/>
</testsuite> <!-- tests.user.PutTests -->
